[2024-12-04T02:04:12.181+0000] {local_task_job_runner.py:123} INFO - ::group::Pre task execution logs
[2024-12-04T02:04:12.209+0000] {taskinstance.py:2613} INFO - Dependencies all met for dep_context=non-requeueable deps ti=<TaskInstance: create_postgres_table.create_table manual__2024-12-04T01:59:07.074138+00:00 [queued]>
[2024-12-04T02:04:12.222+0000] {taskinstance.py:2613} INFO - Dependencies all met for dep_context=requeueable deps ti=<TaskInstance: create_postgres_table.create_table manual__2024-12-04T01:59:07.074138+00:00 [queued]>
[2024-12-04T02:04:12.222+0000] {taskinstance.py:2866} INFO - Starting attempt 2 of 2
[2024-12-04T02:04:12.242+0000] {taskinstance.py:2889} INFO - Executing <Task(PythonOperator): create_table> on 2024-12-04 01:59:07.074138+00:00
[2024-12-04T02:04:12.254+0000] {warnings.py:112} WARNING - /home/***/.local/lib/python3.12/site-packages/***/task/task_runner/standard_task_runner.py:70: DeprecationWarning: This process (pid=172) is multi-threaded, use of fork() may lead to deadlocks in the child.
  pid = os.fork()

[2024-12-04T02:04:12.256+0000] {standard_task_runner.py:72} INFO - Started process 174 to run task
[2024-12-04T02:04:12.258+0000] {standard_task_runner.py:104} INFO - Running: ['***', 'tasks', 'run', 'create_postgres_table', 'create_table', 'manual__2024-12-04T01:59:07.074138+00:00', '--job-id', '9', '--raw', '--subdir', 'DAGS_FOLDER/extract.py', '--cfg-path', '/tmp/tmpvm9f1847']
[2024-12-04T02:04:12.260+0000] {standard_task_runner.py:105} INFO - Job 9: Subtask create_table
[2024-12-04T02:04:12.331+0000] {task_command.py:467} INFO - Running <TaskInstance: create_postgres_table.create_table manual__2024-12-04T01:59:07.074138+00:00 [running]> on host 090ebd9d0630
[2024-12-04T02:04:12.494+0000] {taskinstance.py:3132} INFO - Exporting env vars: AIRFLOW_CTX_DAG_OWNER='***' AIRFLOW_CTX_DAG_ID='create_postgres_table' AIRFLOW_CTX_TASK_ID='create_table' AIRFLOW_CTX_EXECUTION_DATE='2024-12-04T01:59:07.074138+00:00' AIRFLOW_CTX_TRY_NUMBER='2' AIRFLOW_CTX_DAG_RUN_ID='manual__2024-12-04T01:59:07.074138+00:00'
[2024-12-04T02:04:12.496+0000] {logging_mixin.py:190} INFO - Task instance is in running state
[2024-12-04T02:04:12.496+0000] {logging_mixin.py:190} INFO -  Previous state of the Task instance: queued
[2024-12-04T02:04:12.496+0000] {logging_mixin.py:190} INFO - Current task name:create_table state:running start_date:2024-12-04 02:04:12.209828+00:00
[2024-12-04T02:04:12.497+0000] {logging_mixin.py:190} INFO - Dag name:create_postgres_table and current dag run status:running
[2024-12-04T02:04:12.497+0000] {taskinstance.py:731} INFO - ::endgroup::
[2024-12-04T02:04:12.513+0000] {base.py:84} INFO - Retrieving connection 'postgres_default'
[2024-12-04T02:04:12.521+0000] {python.py:240} INFO - Done. Returned value was: None
[2024-12-04T02:04:12.537+0000] {taskinstance.py:340} INFO - ::group::Post task execution logs
[2024-12-04T02:04:12.538+0000] {taskinstance.py:352} INFO - Marking task as SUCCESS. dag_id=create_postgres_table, task_id=create_table, run_id=manual__2024-12-04T01:59:07.074138+00:00, execution_date=20241204T015907, start_date=20241204T020412, end_date=20241204T020412
[2024-12-04T02:04:12.552+0000] {logging_mixin.py:190} INFO - Task instance in success state
[2024-12-04T02:04:12.553+0000] {logging_mixin.py:190} INFO -  Previous state of the Task instance: running
[2024-12-04T02:04:12.553+0000] {logging_mixin.py:190} INFO - Dag name:create_postgres_table queued_at:2024-12-04 01:59:07.093424+00:00
[2024-12-04T02:04:12.553+0000] {logging_mixin.py:190} INFO - Task hostname:090ebd9d0630 operator:PythonOperator
[2024-12-04T02:04:12.593+0000] {local_task_job_runner.py:266} INFO - Task exited with return code 0
[2024-12-04T02:04:12.624+0000] {taskinstance.py:3895} INFO - 0 downstream tasks scheduled from follow-on schedule check
[2024-12-04T02:04:12.626+0000] {local_task_job_runner.py:245} INFO - ::endgroup::
