[2024-12-03T07:21:23.992+0000] {local_task_job_runner.py:123} INFO - ::group::Pre task execution logs
[2024-12-03T07:21:24.028+0000] {taskinstance.py:2613} INFO - Dependencies all met for dep_context=non-requeueable deps ti=<TaskInstance: create_postgres_table.create_table manual__2024-12-03T07:21:21.869965+00:00 [queued]>
[2024-12-03T07:21:24.044+0000] {taskinstance.py:2613} INFO - Dependencies all met for dep_context=requeueable deps ti=<TaskInstance: create_postgres_table.create_table manual__2024-12-03T07:21:21.869965+00:00 [queued]>
[2024-12-03T07:21:24.045+0000] {taskinstance.py:2866} INFO - Starting attempt 1 of 2
[2024-12-03T07:21:24.065+0000] {taskinstance.py:2889} INFO - Executing <Task(PythonOperator): create_table> on 2024-12-03 07:21:21.869965+00:00
[2024-12-03T07:21:24.074+0000] {warnings.py:112} WARNING - /home/***/.local/lib/python3.12/site-packages/***/task/task_runner/standard_task_runner.py:70: DeprecationWarning: This process (pid=165) is multi-threaded, use of fork() may lead to deadlocks in the child.
  pid = os.fork()

[2024-12-03T07:21:24.075+0000] {standard_task_runner.py:72} INFO - Started process 167 to run task
[2024-12-03T07:21:24.076+0000] {standard_task_runner.py:104} INFO - Running: ['***', 'tasks', 'run', 'create_postgres_table', 'create_table', 'manual__2024-12-03T07:21:21.869965+00:00', '--job-id', '6', '--raw', '--subdir', 'DAGS_FOLDER/extract.py', '--cfg-path', '/tmp/tmp0h4_kd9h']
[2024-12-03T07:21:24.077+0000] {standard_task_runner.py:105} INFO - Job 6: Subtask create_table
[2024-12-03T07:21:24.143+0000] {task_command.py:467} INFO - Running <TaskInstance: create_postgres_table.create_table manual__2024-12-03T07:21:21.869965+00:00 [running]> on host 3fb83b0a4e77
[2024-12-03T07:21:24.250+0000] {taskinstance.py:3132} INFO - Exporting env vars: AIRFLOW_CTX_DAG_OWNER='***' AIRFLOW_CTX_DAG_ID='create_postgres_table' AIRFLOW_CTX_TASK_ID='create_table' AIRFLOW_CTX_EXECUTION_DATE='2024-12-03T07:21:21.869965+00:00' AIRFLOW_CTX_TRY_NUMBER='1' AIRFLOW_CTX_DAG_RUN_ID='manual__2024-12-03T07:21:21.869965+00:00'
[2024-12-03T07:21:24.252+0000] {logging_mixin.py:190} INFO - Task instance is in running state
[2024-12-03T07:21:24.252+0000] {logging_mixin.py:190} INFO -  Previous state of the Task instance: queued
[2024-12-03T07:21:24.252+0000] {logging_mixin.py:190} INFO - Current task name:create_table state:running start_date:2024-12-03 07:21:24.029082+00:00
[2024-12-03T07:21:24.252+0000] {logging_mixin.py:190} INFO - Dag name:create_postgres_table and current dag run status:running
[2024-12-03T07:21:24.252+0000] {taskinstance.py:731} INFO - ::endgroup::
[2024-12-03T07:21:24.266+0000] {base.py:84} INFO - Retrieving connection 'postgres_default'
[2024-12-03T07:21:24.303+0000] {taskinstance.py:3311} ERROR - Task failed with exception
Traceback (most recent call last):
  File "/home/airflow/.local/lib/python3.12/site-packages/airflow/models/taskinstance.py", line 767, in _execute_task
    result = _execute_callable(context=context, **execute_callable_kwargs)
             ^^^^^^^^^^^^^^^^^^^^^^^^^^^^^^^^^^^^^^^^^^^^^^^^^^^^^^^^^^^^^
  File "/home/airflow/.local/lib/python3.12/site-packages/airflow/models/taskinstance.py", line 733, in _execute_callable
    return ExecutionCallableRunner(
           ^^^^^^^^^^^^^^^^^^^^^^^^
  File "/home/airflow/.local/lib/python3.12/site-packages/airflow/utils/operator_helpers.py", line 252, in run
    return self.func(*args, **kwargs)
           ^^^^^^^^^^^^^^^^^^^^^^^^^^
  File "/home/airflow/.local/lib/python3.12/site-packages/airflow/models/baseoperator.py", line 417, in wrapper
    return func(self, *args, **kwargs)
           ^^^^^^^^^^^^^^^^^^^^^^^^^^^
  File "/home/airflow/.local/lib/python3.12/site-packages/airflow/operators/python.py", line 238, in execute
    return_value = self.execute_callable()
                   ^^^^^^^^^^^^^^^^^^^^^^^
  File "/home/airflow/.local/lib/python3.12/site-packages/airflow/operators/python.py", line 256, in execute_callable
    return runner.run(*self.op_args, **self.op_kwargs)
           ^^^^^^^^^^^^^^^^^^^^^^^^^^^^^^^^^^^^^^^^^^^
  File "/home/airflow/.local/lib/python3.12/site-packages/airflow/utils/operator_helpers.py", line 252, in run
    return self.func(*args, **kwargs)
           ^^^^^^^^^^^^^^^^^^^^^^^^^^
  File "/opt/airflow/dags/extract.py", line 10, in create_table
    conn = pg_hook.get_conn()
           ^^^^^^^^^^^^^^^^^^
  File "/home/airflow/.local/lib/python3.12/site-packages/airflow/providers/postgres/hooks/postgres.py", line 181, in get_conn
    self.conn = psycopg2.connect(**conn_args)
                ^^^^^^^^^^^^^^^^^^^^^^^^^^^^^
  File "/home/airflow/.local/lib/python3.12/site-packages/psycopg2/__init__.py", line 122, in connect
    conn = _connect(dsn, connection_factory=connection_factory, **kwasync)
           ^^^^^^^^^^^^^^^^^^^^^^^^^^^^^^^^^^^^^^^^^^^^^^^^^^^^^^^^^^^^^^^
psycopg2.OperationalError: could not translate host name "postgres-1" to address: Temporary failure in name resolution

[2024-12-03T07:21:24.329+0000] {logging_mixin.py:190} INFO - Task instance in failure state
[2024-12-03T07:21:24.330+0000] {logging_mixin.py:190} INFO - Task start:2024-12-03 07:21:24.029082+00:00 end:2024-12-03 07:21:24.328380+00:00 duration:0.299298
[2024-12-03T07:21:24.330+0000] {logging_mixin.py:190} INFO - Task:<Task(PythonOperator): create_table> dag:<DAG: create_postgres_table> dagrun:<DagRun create_postgres_table @ 2024-12-03 07:21:21.869965+00:00: manual__2024-12-03T07:21:21.869965+00:00, state:running, queued_at: 2024-12-03 07:21:21.880279+00:00. externally triggered: True>
[2024-12-03T07:21:24.331+0000] {logging_mixin.py:190} INFO - Failure caused by could not translate host name "postgres-1" to address: Temporary failure in name resolution
[2024-12-03T07:21:24.331+0000] {taskinstance.py:1225} INFO - Marking task as UP_FOR_RETRY. dag_id=create_postgres_table, task_id=create_table, run_id=manual__2024-12-03T07:21:21.869965+00:00, execution_date=20241203T072121, start_date=20241203T072124, end_date=20241203T072124
[2024-12-03T07:21:24.355+0000] {taskinstance.py:340} INFO - ::group::Post task execution logs
[2024-12-03T07:21:24.356+0000] {standard_task_runner.py:124} ERROR - Failed to execute job 6 for task create_table (could not translate host name "postgres-1" to address: Temporary failure in name resolution
; 167)
Traceback (most recent call last):
  File "/home/airflow/.local/lib/python3.12/site-packages/airflow/task/task_runner/standard_task_runner.py", line 117, in _start_by_fork
    ret = args.func(args, dag=self.dag)
          ^^^^^^^^^^^^^^^^^^^^^^^^^^^^^
  File "/home/airflow/.local/lib/python3.12/site-packages/airflow/cli/cli_config.py", line 49, in command
    return func(*args, **kwargs)
           ^^^^^^^^^^^^^^^^^^^^^
  File "/home/airflow/.local/lib/python3.12/site-packages/airflow/utils/cli.py", line 116, in wrapper
    return f(*args, **kwargs)
           ^^^^^^^^^^^^^^^^^^
  File "/home/airflow/.local/lib/python3.12/site-packages/airflow/cli/commands/task_command.py", line 483, in task_run
    task_return_code = _run_task_by_selected_method(args, _dag, ti)
                       ^^^^^^^^^^^^^^^^^^^^^^^^^^^^^^^^^^^^^^^^^^^^
  File "/home/airflow/.local/lib/python3.12/site-packages/airflow/cli/commands/task_command.py", line 256, in _run_task_by_selected_method
    return _run_raw_task(args, ti)
           ^^^^^^^^^^^^^^^^^^^^^^^
  File "/home/airflow/.local/lib/python3.12/site-packages/airflow/cli/commands/task_command.py", line 341, in _run_raw_task
    return ti._run_raw_task(
           ^^^^^^^^^^^^^^^^^
  File "/home/airflow/.local/lib/python3.12/site-packages/airflow/utils/session.py", line 97, in wrapper
    return func(*args, session=session, **kwargs)
           ^^^^^^^^^^^^^^^^^^^^^^^^^^^^^^^^^^^^^^
  File "/home/airflow/.local/lib/python3.12/site-packages/airflow/models/taskinstance.py", line 3005, in _run_raw_task
    return _run_raw_task(
           ^^^^^^^^^^^^^^
  File "/home/airflow/.local/lib/python3.12/site-packages/airflow/models/taskinstance.py", line 273, in _run_raw_task
    TaskInstance._execute_task_with_callbacks(
  File "/home/airflow/.local/lib/python3.12/site-packages/airflow/models/taskinstance.py", line 3159, in _execute_task_with_callbacks
    result = self._execute_task(context, task_orig)
             ^^^^^^^^^^^^^^^^^^^^^^^^^^^^^^^^^^^^^^
  File "/home/airflow/.local/lib/python3.12/site-packages/airflow/models/taskinstance.py", line 3183, in _execute_task
    return _execute_task(self, context, task_orig)
           ^^^^^^^^^^^^^^^^^^^^^^^^^^^^^^^^^^^^^^^
  File "/home/airflow/.local/lib/python3.12/site-packages/airflow/models/taskinstance.py", line 767, in _execute_task
    result = _execute_callable(context=context, **execute_callable_kwargs)
             ^^^^^^^^^^^^^^^^^^^^^^^^^^^^^^^^^^^^^^^^^^^^^^^^^^^^^^^^^^^^^
  File "/home/airflow/.local/lib/python3.12/site-packages/airflow/models/taskinstance.py", line 733, in _execute_callable
    return ExecutionCallableRunner(
           ^^^^^^^^^^^^^^^^^^^^^^^^
  File "/home/airflow/.local/lib/python3.12/site-packages/airflow/utils/operator_helpers.py", line 252, in run
    return self.func(*args, **kwargs)
           ^^^^^^^^^^^^^^^^^^^^^^^^^^
  File "/home/airflow/.local/lib/python3.12/site-packages/airflow/models/baseoperator.py", line 417, in wrapper
    return func(self, *args, **kwargs)
           ^^^^^^^^^^^^^^^^^^^^^^^^^^^
  File "/home/airflow/.local/lib/python3.12/site-packages/airflow/operators/python.py", line 238, in execute
    return_value = self.execute_callable()
                   ^^^^^^^^^^^^^^^^^^^^^^^
  File "/home/airflow/.local/lib/python3.12/site-packages/airflow/operators/python.py", line 256, in execute_callable
    return runner.run(*self.op_args, **self.op_kwargs)
           ^^^^^^^^^^^^^^^^^^^^^^^^^^^^^^^^^^^^^^^^^^^
  File "/home/airflow/.local/lib/python3.12/site-packages/airflow/utils/operator_helpers.py", line 252, in run
    return self.func(*args, **kwargs)
           ^^^^^^^^^^^^^^^^^^^^^^^^^^
  File "/opt/airflow/dags/extract.py", line 10, in create_table
    conn = pg_hook.get_conn()
           ^^^^^^^^^^^^^^^^^^
  File "/home/airflow/.local/lib/python3.12/site-packages/airflow/providers/postgres/hooks/postgres.py", line 181, in get_conn
    self.conn = psycopg2.connect(**conn_args)
                ^^^^^^^^^^^^^^^^^^^^^^^^^^^^^
  File "/home/airflow/.local/lib/python3.12/site-packages/psycopg2/__init__.py", line 122, in connect
    conn = _connect(dsn, connection_factory=connection_factory, **kwasync)
           ^^^^^^^^^^^^^^^^^^^^^^^^^^^^^^^^^^^^^^^^^^^^^^^^^^^^^^^^^^^^^^^
psycopg2.OperationalError: could not translate host name "postgres-1" to address: Temporary failure in name resolution

[2024-12-03T07:21:24.370+0000] {local_task_job_runner.py:266} INFO - Task exited with return code 1
[2024-12-03T07:21:24.400+0000] {taskinstance.py:3895} INFO - 0 downstream tasks scheduled from follow-on schedule check
[2024-12-03T07:21:24.401+0000] {local_task_job_runner.py:245} INFO - ::endgroup::
