[2024-12-04T02:35:30.190+0000] {local_task_job_runner.py:123} INFO - ::group::Pre task execution logs
[2024-12-04T02:35:30.201+0000] {taskinstance.py:2613} INFO - Dependencies all met for dep_context=non-requeueable deps ti=<TaskInstance: process_and_insert_ekspor_impor.process_and_insert_data manual__2024-12-04T02:35:28.741495+00:00 [queued]>
[2024-12-04T02:35:30.206+0000] {taskinstance.py:2613} INFO - Dependencies all met for dep_context=requeueable deps ti=<TaskInstance: process_and_insert_ekspor_impor.process_and_insert_data manual__2024-12-04T02:35:28.741495+00:00 [queued]>
[2024-12-04T02:35:30.206+0000] {taskinstance.py:2866} INFO - Starting attempt 1 of 2
[2024-12-04T02:35:30.213+0000] {taskinstance.py:2889} INFO - Executing <Task(PythonOperator): process_and_insert_data> on 2024-12-04 02:35:28.741495+00:00
[2024-12-04T02:35:30.218+0000] {warnings.py:112} WARNING - /home/***/.local/lib/python3.12/site-packages/***/task/task_runner/standard_task_runner.py:70: DeprecationWarning: This process (pid=108) is multi-threaded, use of fork() may lead to deadlocks in the child.
  pid = os.fork()

[2024-12-04T02:35:30.219+0000] {standard_task_runner.py:72} INFO - Started process 110 to run task
[2024-12-04T02:35:30.220+0000] {standard_task_runner.py:104} INFO - Running: ['***', 'tasks', 'run', 'process_and_insert_ekspor_impor', 'process_and_insert_data', 'manual__2024-12-04T02:35:28.741495+00:00', '--job-id', '19', '--raw', '--subdir', 'DAGS_FOLDER/process_and_insert_ekspor_impor.py', '--cfg-path', '/tmp/tmpu874vo88']
[2024-12-04T02:35:30.221+0000] {standard_task_runner.py:105} INFO - Job 19: Subtask process_and_insert_data
[2024-12-04T02:35:30.253+0000] {task_command.py:467} INFO - Running <TaskInstance: process_and_insert_ekspor_impor.process_and_insert_data manual__2024-12-04T02:35:28.741495+00:00 [running]> on host 03af8e437c64
[2024-12-04T02:35:30.308+0000] {taskinstance.py:3132} INFO - Exporting env vars: AIRFLOW_CTX_DAG_OWNER='***' AIRFLOW_CTX_DAG_ID='process_and_insert_ekspor_impor' AIRFLOW_CTX_TASK_ID='process_and_insert_data' AIRFLOW_CTX_EXECUTION_DATE='2024-12-04T02:35:28.741495+00:00' AIRFLOW_CTX_TRY_NUMBER='1' AIRFLOW_CTX_DAG_RUN_ID='manual__2024-12-04T02:35:28.741495+00:00'
[2024-12-04T02:35:30.309+0000] {logging_mixin.py:190} INFO - Task instance is in running state
[2024-12-04T02:35:30.309+0000] {logging_mixin.py:190} INFO -  Previous state of the Task instance: queued
[2024-12-04T02:35:30.309+0000] {logging_mixin.py:190} INFO - Current task name:process_and_insert_data state:running start_date:2024-12-04 02:35:30.201710+00:00
[2024-12-04T02:35:30.309+0000] {logging_mixin.py:190} INFO - Dag name:process_and_insert_ekspor_impor and current dag run status:running
[2024-12-04T02:35:30.309+0000] {taskinstance.py:731} INFO - ::endgroup::
[2024-12-04T02:35:30.310+0000] {logging_mixin.py:190} INFO - File Ekspor_impor.xlsx tidak ditemukan di ../input
[2024-12-04T02:35:30.310+0000] {python.py:240} INFO - Done. Returned value was: None
[2024-12-04T02:35:30.317+0000] {taskinstance.py:340} INFO - ::group::Post task execution logs
[2024-12-04T02:35:30.317+0000] {taskinstance.py:352} INFO - Marking task as SUCCESS. dag_id=process_and_insert_ekspor_impor, task_id=process_and_insert_data, run_id=manual__2024-12-04T02:35:28.741495+00:00, execution_date=20241204T023528, start_date=20241204T023530, end_date=20241204T023530
[2024-12-04T02:35:30.322+0000] {logging_mixin.py:190} INFO - Task instance in success state
[2024-12-04T02:35:30.322+0000] {logging_mixin.py:190} INFO -  Previous state of the Task instance: running
[2024-12-04T02:35:30.323+0000] {logging_mixin.py:190} INFO - Dag name:process_and_insert_ekspor_impor queued_at:2024-12-04 02:35:28.750340+00:00
[2024-12-04T02:35:30.323+0000] {logging_mixin.py:190} INFO - Task hostname:03af8e437c64 operator:PythonOperator
[2024-12-04T02:35:30.352+0000] {local_task_job_runner.py:266} INFO - Task exited with return code 0
[2024-12-04T02:35:30.363+0000] {taskinstance.py:3895} INFO - 0 downstream tasks scheduled from follow-on schedule check
[2024-12-04T02:35:30.364+0000] {local_task_job_runner.py:245} INFO - ::endgroup::
