[2024-12-03T07:35:59.513+0000] {local_task_job_runner.py:123} INFO - ::group::Pre task execution logs
[2024-12-03T07:35:59.545+0000] {taskinstance.py:2613} INFO - Dependencies all met for dep_context=non-requeueable deps ti=<TaskInstance: create_postgres_table.create_table manual__2024-12-03T07:35:57.440551+00:00 [queued]>
[2024-12-03T07:35:59.559+0000] {taskinstance.py:2613} INFO - Dependencies all met for dep_context=requeueable deps ti=<TaskInstance: create_postgres_table.create_table manual__2024-12-03T07:35:57.440551+00:00 [queued]>
[2024-12-03T07:35:59.560+0000] {taskinstance.py:2866} INFO - Starting attempt 1 of 2
[2024-12-03T07:35:59.583+0000] {taskinstance.py:2889} INFO - Executing <Task(PythonOperator): create_table> on 2024-12-03 07:35:57.440551+00:00
[2024-12-03T07:35:59.595+0000] {warnings.py:112} WARNING - /home/***/.local/lib/python3.12/site-packages/***/task/task_runner/standard_task_runner.py:70: DeprecationWarning: This process (pid=138) is multi-threaded, use of fork() may lead to deadlocks in the child.
  pid = os.fork()

[2024-12-03T07:35:59.597+0000] {standard_task_runner.py:72} INFO - Started process 140 to run task
[2024-12-03T07:35:59.599+0000] {standard_task_runner.py:104} INFO - Running: ['***', 'tasks', 'run', 'create_postgres_table', 'create_table', 'manual__2024-12-03T07:35:57.440551+00:00', '--job-id', '12', '--raw', '--subdir', 'DAGS_FOLDER/extract.py', '--cfg-path', '/tmp/tmph1wqwsap']
[2024-12-03T07:35:59.600+0000] {standard_task_runner.py:105} INFO - Job 12: Subtask create_table
[2024-12-03T07:35:59.679+0000] {task_command.py:467} INFO - Running <TaskInstance: create_postgres_table.create_table manual__2024-12-03T07:35:57.440551+00:00 [running]> on host 5ff1a311bf12
[2024-12-03T07:35:59.812+0000] {taskinstance.py:3132} INFO - Exporting env vars: AIRFLOW_CTX_DAG_OWNER='***' AIRFLOW_CTX_DAG_ID='create_postgres_table' AIRFLOW_CTX_TASK_ID='create_table' AIRFLOW_CTX_EXECUTION_DATE='2024-12-03T07:35:57.440551+00:00' AIRFLOW_CTX_TRY_NUMBER='1' AIRFLOW_CTX_DAG_RUN_ID='manual__2024-12-03T07:35:57.440551+00:00'
[2024-12-03T07:35:59.814+0000] {logging_mixin.py:190} INFO - Task instance is in running state
[2024-12-03T07:35:59.814+0000] {logging_mixin.py:190} INFO -  Previous state of the Task instance: queued
[2024-12-03T07:35:59.814+0000] {logging_mixin.py:190} INFO - Current task name:create_table state:running start_date:2024-12-03 07:35:59.545833+00:00
[2024-12-03T07:35:59.814+0000] {logging_mixin.py:190} INFO - Dag name:create_postgres_table and current dag run status:running
[2024-12-03T07:35:59.815+0000] {taskinstance.py:731} INFO - ::endgroup::
[2024-12-03T07:35:59.830+0000] {base.py:84} INFO - Retrieving connection 'postgres_default'
[2024-12-03T07:35:59.845+0000] {python.py:240} INFO - Done. Returned value was: None
[2024-12-03T07:35:59.860+0000] {taskinstance.py:340} INFO - ::group::Post task execution logs
[2024-12-03T07:35:59.861+0000] {taskinstance.py:352} INFO - Marking task as SUCCESS. dag_id=create_postgres_table, task_id=create_table, run_id=manual__2024-12-03T07:35:57.440551+00:00, execution_date=20241203T073557, start_date=20241203T073559, end_date=20241203T073559
[2024-12-03T07:35:59.877+0000] {logging_mixin.py:190} INFO - Task instance in success state
[2024-12-03T07:35:59.878+0000] {logging_mixin.py:190} INFO -  Previous state of the Task instance: running
[2024-12-03T07:35:59.878+0000] {logging_mixin.py:190} INFO - Dag name:create_postgres_table queued_at:2024-12-03 07:35:57.456475+00:00
[2024-12-03T07:35:59.878+0000] {logging_mixin.py:190} INFO - Task hostname:5ff1a311bf12 operator:PythonOperator
[2024-12-03T07:35:59.893+0000] {local_task_job_runner.py:266} INFO - Task exited with return code 0
[2024-12-03T07:35:59.920+0000] {taskinstance.py:3895} INFO - 0 downstream tasks scheduled from follow-on schedule check
[2024-12-03T07:35:59.923+0000] {local_task_job_runner.py:245} INFO - ::endgroup::
