[2024-12-04T06:46:29.422+0000] {local_task_job_runner.py:123} INFO - ::group::Pre task execution logs
[2024-12-04T06:46:29.432+0000] {taskinstance.py:2613} INFO - Dependencies all met for dep_context=non-requeueable deps ti=<TaskInstance: create_postgres_table.create_table manual__2024-12-04T06:46:28.294124+00:00 [queued]>
[2024-12-04T06:46:29.437+0000] {taskinstance.py:2613} INFO - Dependencies all met for dep_context=requeueable deps ti=<TaskInstance: create_postgres_table.create_table manual__2024-12-04T06:46:28.294124+00:00 [queued]>
[2024-12-04T06:46:29.437+0000] {taskinstance.py:2866} INFO - Starting attempt 1 of 2
[2024-12-04T06:46:29.444+0000] {taskinstance.py:2889} INFO - Executing <Task(PythonOperator): create_table> on 2024-12-04 06:46:28.294124+00:00
[2024-12-04T06:46:29.449+0000] {standard_task_runner.py:72} INFO - Started process 1097 to run task
[2024-12-04T06:46:29.452+0000] {standard_task_runner.py:104} INFO - Running: ['***', 'tasks', 'run', 'create_postgres_table', 'create_table', 'manual__2024-12-04T06:46:28.294124+00:00', '--job-id', '127', '--raw', '--subdir', 'DAGS_FOLDER/extract.py', '--cfg-path', '/tmp/tmpj8q0c3ih']
[2024-12-04T06:46:29.453+0000] {standard_task_runner.py:105} INFO - Job 127: Subtask create_table
[2024-12-04T06:46:29.500+0000] {task_command.py:467} INFO - Running <TaskInstance: create_postgres_table.create_table manual__2024-12-04T06:46:28.294124+00:00 [running]> on host cef30ee8bf1e
[2024-12-04T06:46:29.563+0000] {taskinstance.py:3132} INFO - Exporting env vars: AIRFLOW_CTX_DAG_OWNER='***' AIRFLOW_CTX_DAG_ID='create_postgres_table' AIRFLOW_CTX_TASK_ID='create_table' AIRFLOW_CTX_EXECUTION_DATE='2024-12-04T06:46:28.294124+00:00' AIRFLOW_CTX_TRY_NUMBER='1' AIRFLOW_CTX_DAG_RUN_ID='manual__2024-12-04T06:46:28.294124+00:00'
[2024-12-04T06:46:29.564+0000] {logging_mixin.py:190} INFO - Task instance is in running state
[2024-12-04T06:46:29.565+0000] {logging_mixin.py:190} INFO -  Previous state of the Task instance: queued
[2024-12-04T06:46:29.565+0000] {logging_mixin.py:190} INFO - Current task name:create_table state:running start_date:2024-12-04 06:46:29.432727+00:00
[2024-12-04T06:46:29.565+0000] {logging_mixin.py:190} INFO - Dag name:create_postgres_table and current dag run status:running
[2024-12-04T06:46:29.565+0000] {taskinstance.py:731} INFO - ::endgroup::
[2024-12-04T06:46:29.576+0000] {base.py:84} INFO - Retrieving connection 'postgres_default'
[2024-12-04T06:46:29.586+0000] {python.py:240} INFO - Done. Returned value was: None
[2024-12-04T06:46:29.598+0000] {taskinstance.py:340} INFO - ::group::Post task execution logs
[2024-12-04T06:46:29.599+0000] {taskinstance.py:352} INFO - Marking task as SUCCESS. dag_id=create_postgres_table, task_id=create_table, run_id=manual__2024-12-04T06:46:28.294124+00:00, execution_date=20241204T064628, start_date=20241204T064629, end_date=20241204T064629
[2024-12-04T06:46:29.610+0000] {logging_mixin.py:190} INFO - Task instance in success state
[2024-12-04T06:46:29.611+0000] {logging_mixin.py:190} INFO -  Previous state of the Task instance: running
[2024-12-04T06:46:29.611+0000] {logging_mixin.py:190} INFO - Dag name:create_postgres_table queued_at:2024-12-04 06:46:28.298922+00:00
[2024-12-04T06:46:29.611+0000] {logging_mixin.py:190} INFO - Task hostname:cef30ee8bf1e operator:PythonOperator
[2024-12-04T06:46:29.624+0000] {local_task_job_runner.py:266} INFO - Task exited with return code 0
[2024-12-04T06:46:29.647+0000] {taskinstance.py:3895} INFO - 0 downstream tasks scheduled from follow-on schedule check
[2024-12-04T06:46:29.649+0000] {local_task_job_runner.py:245} INFO - ::endgroup::
