[2024-12-04T05:59:32.064+0000] {local_task_job_runner.py:123} INFO - ::group::Pre task execution logs
[2024-12-04T05:59:32.085+0000] {taskinstance.py:2613} INFO - Dependencies all met for dep_context=non-requeueable deps ti=<TaskInstance: process_and_insert_ekspor_impor.process_and_insert_data manual__2024-12-04T05:59:30.756615+00:00 [queued]>
[2024-12-04T05:59:32.098+0000] {taskinstance.py:2613} INFO - Dependencies all met for dep_context=requeueable deps ti=<TaskInstance: process_and_insert_ekspor_impor.process_and_insert_data manual__2024-12-04T05:59:30.756615+00:00 [queued]>
[2024-12-04T05:59:32.098+0000] {taskinstance.py:2866} INFO - Starting attempt 1 of 2
[2024-12-04T05:59:32.111+0000] {taskinstance.py:2889} INFO - Executing <Task(PythonOperator): process_and_insert_data> on 2024-12-04 05:59:30.756615+00:00
[2024-12-04T05:59:32.116+0000] {standard_task_runner.py:72} INFO - Started process 447 to run task
[2024-12-04T05:59:32.119+0000] {standard_task_runner.py:104} INFO - Running: ['***', 'tasks', 'run', 'process_and_insert_ekspor_impor', 'process_and_insert_data', 'manual__2024-12-04T05:59:30.756615+00:00', '--job-id', '121', '--raw', '--subdir', 'DAGS_FOLDER/process_and_insert_ekspor_impor.py', '--cfg-path', '/tmp/tmp3qftetsw']
[2024-12-04T05:59:32.120+0000] {standard_task_runner.py:105} INFO - Job 121: Subtask process_and_insert_data
[2024-12-04T05:59:32.160+0000] {task_command.py:467} INFO - Running <TaskInstance: process_and_insert_ekspor_impor.process_and_insert_data manual__2024-12-04T05:59:30.756615+00:00 [running]> on host cef30ee8bf1e
[2024-12-04T05:59:32.215+0000] {taskinstance.py:3132} INFO - Exporting env vars: AIRFLOW_CTX_DAG_OWNER='***' AIRFLOW_CTX_DAG_ID='process_and_insert_ekspor_impor' AIRFLOW_CTX_TASK_ID='process_and_insert_data' AIRFLOW_CTX_EXECUTION_DATE='2024-12-04T05:59:30.756615+00:00' AIRFLOW_CTX_TRY_NUMBER='1' AIRFLOW_CTX_DAG_RUN_ID='manual__2024-12-04T05:59:30.756615+00:00'
[2024-12-04T05:59:32.216+0000] {logging_mixin.py:190} INFO - Task instance is in running state
[2024-12-04T05:59:32.216+0000] {logging_mixin.py:190} INFO -  Previous state of the Task instance: queued
[2024-12-04T05:59:32.216+0000] {logging_mixin.py:190} INFO - Current task name:process_and_insert_data state:running start_date:2024-12-04 05:59:32.086561+00:00
[2024-12-04T05:59:32.216+0000] {logging_mixin.py:190} INFO - Dag name:process_and_insert_ekspor_impor and current dag run status:running
[2024-12-04T05:59:32.216+0000] {taskinstance.py:731} INFO - ::endgroup::
[2024-12-04T05:59:32.294+0000] {base.py:84} INFO - Retrieving connection 'postgres_default'
[2024-12-04T05:59:32.304+0000] {python.py:240} INFO - Done. Returned value was: None
[2024-12-04T05:59:32.310+0000] {taskinstance.py:340} INFO - ::group::Post task execution logs
[2024-12-04T05:59:32.311+0000] {taskinstance.py:352} INFO - Marking task as SUCCESS. dag_id=process_and_insert_ekspor_impor, task_id=process_and_insert_data, run_id=manual__2024-12-04T05:59:30.756615+00:00, execution_date=20241204T055930, start_date=20241204T055932, end_date=20241204T055932
[2024-12-04T05:59:32.316+0000] {logging_mixin.py:190} INFO - Task instance in success state
[2024-12-04T05:59:32.316+0000] {logging_mixin.py:190} INFO -  Previous state of the Task instance: running
[2024-12-04T05:59:32.316+0000] {logging_mixin.py:190} INFO - Dag name:process_and_insert_ekspor_impor queued_at:2024-12-04 05:59:30.762513+00:00
[2024-12-04T05:59:32.316+0000] {logging_mixin.py:190} INFO - Task hostname:cef30ee8bf1e operator:PythonOperator
[2024-12-04T05:59:32.331+0000] {local_task_job_runner.py:266} INFO - Task exited with return code 0
[2024-12-04T05:59:32.342+0000] {taskinstance.py:3895} INFO - 0 downstream tasks scheduled from follow-on schedule check
[2024-12-04T05:59:32.343+0000] {local_task_job_runner.py:245} INFO - ::endgroup::
